# On branch master
# Changes not staged for commit:
#   (use "git add/rm <file>..." to update what will be committed)
#   (use "git checkout -- <file>..." to discard changes in working directory)
#
#	modified:   __pycache__/dataset.cpython-36.pyc
#	modified:   __pycache__/hyperopt_svm.cpython-36.pyc
#	modified:   __pycache__/stanford_nlp.cpython-36.pyc
#	modified:   dataset.py
#	modified:   datasets/rest/aspect_cluster/test/cluster_0
#	modified:   datasets/rest/aspect_cluster/test/cluster_1
#	deleted:    datasets/rest/aspect_cluster/test/cluster_10
#	deleted:    datasets/rest/aspect_cluster/test/cluster_11
#	deleted:    datasets/rest/aspect_cluster/test/cluster_12
#	deleted:    datasets/rest/aspect_cluster/test/cluster_13
#	deleted:    datasets/rest/aspect_cluster/test/cluster_14
#	deleted:    datasets/rest/aspect_cluster/test/cluster_15
#	deleted:    datasets/rest/aspect_cluster/test/cluster_16
#	deleted:    datasets/rest/aspect_cluster/test/cluster_17
#	deleted:    datasets/rest/aspect_cluster/test/cluster_18
#	deleted:    datasets/rest/aspect_cluster/test/cluster_19
#	modified:   datasets/rest/aspect_cluster/test/cluster_2
#	deleted:    datasets/rest/aspect_cluster/test/cluster_20
#	deleted:    datasets/rest/aspect_cluster/test/cluster_21
#	deleted:    datasets/rest/aspect_cluster/test/cluster_22
#	deleted:    datasets/rest/aspect_cluster/test/cluster_23
#	deleted:    datasets/rest/aspect_cluster/test/cluster_24
#	deleted:    datasets/rest/aspect_cluster/test/cluster_25
#	deleted:    datasets/rest/aspect_cluster/test/cluster_26
#	deleted:    datasets/rest/aspect_cluster/test/cluster_27
#	deleted:    datasets/rest/aspect_cluster/test/cluster_28
#	deleted:    datasets/rest/aspect_cluster/test/cluster_29
#	modified:   datasets/rest/aspect_cluster/test/cluster_3
#	deleted:    datasets/rest/aspect_cluster/test/cluster_30
#	deleted:    datasets/rest/aspect_cluster/test/cluster_31
#	deleted:    datasets/rest/aspect_cluster/test/cluster_32
#	deleted:    datasets/rest/aspect_cluster/test/cluster_33
#	deleted:    datasets/rest/aspect_cluster/test/cluster_34
#	deleted:    datasets/rest/aspect_cluster/test/cluster_35
#	deleted:    datasets/rest/aspect_cluster/test/cluster_36
#	deleted:    datasets/rest/aspect_cluster/test/cluster_37
#	deleted:    datasets/rest/aspect_cluster/test/cluster_38
#	deleted:    datasets/rest/aspect_cluster/test/cluster_39
#	modified:   datasets/rest/aspect_cluster/test/cluster_4
#	deleted:    datasets/rest/aspect_cluster/test/cluster_40
#	deleted:    datasets/rest/aspect_cluster/test/cluster_41
#	deleted:    datasets/rest/aspect_cluster/test/cluster_42
#	deleted:    datasets/rest/aspect_cluster/test/cluster_43
#	deleted:    datasets/rest/aspect_cluster/test/cluster_45
#	deleted:    datasets/rest/aspect_cluster/test/cluster_46
#	deleted:    datasets/rest/aspect_cluster/test/cluster_47
#	deleted:    datasets/rest/aspect_cluster/test/cluster_48
#	modified:   datasets/rest/aspect_cluster/test/cluster_6
#	modified:   datasets/rest/aspect_cluster/test/cluster_7
#	modified:   datasets/rest/aspect_cluster/test/cluster_8
#	modified:   datasets/rest/aspect_cluster/test/cluster_9
#	modified:   datasets/rest/aspect_cluster/train/cluster_0
#	modified:   datasets/rest/aspect_cluster/train/cluster_1
#	deleted:    datasets/rest/aspect_cluster/train/cluster_10
#	deleted:    datasets/rest/aspect_cluster/train/cluster_11
#	deleted:    datasets/rest/aspect_cluster/train/cluster_12
#	deleted:    datasets/rest/aspect_cluster/train/cluster_13
#	deleted:    datasets/rest/aspect_cluster/train/cluster_14
#	deleted:    datasets/rest/aspect_cluster/train/cluster_15
#	deleted:    datasets/rest/aspect_cluster/train/cluster_16
#	deleted:    datasets/rest/aspect_cluster/train/cluster_17
#	deleted:    datasets/rest/aspect_cluster/train/cluster_18
#	deleted:    datasets/rest/aspect_cluster/train/cluster_19
#	modified:   datasets/rest/aspect_cluster/train/cluster_2
#	deleted:    datasets/rest/aspect_cluster/train/cluster_20
#	deleted:    datasets/rest/aspect_cluster/train/cluster_21
#	deleted:    datasets/rest/aspect_cluster/train/cluster_22
#	deleted:    datasets/rest/aspect_cluster/train/cluster_23
#	deleted:    datasets/rest/aspect_cluster/train/cluster_24
#	deleted:    datasets/rest/aspect_cluster/train/cluster_25
#	deleted:    datasets/rest/aspect_cluster/train/cluster_26
#	deleted:    datasets/rest/aspect_cluster/train/cluster_27
#	deleted:    datasets/rest/aspect_cluster/train/cluster_28
#	deleted:    datasets/rest/aspect_cluster/train/cluster_29
#	modified:   datasets/rest/aspect_cluster/train/cluster_3
#	deleted:    datasets/rest/aspect_cluster/train/cluster_30
#	deleted:    datasets/rest/aspect_cluster/train/cluster_31
#	deleted:    datasets/rest/aspect_cluster/train/cluster_32
#	deleted:    datasets/rest/aspect_cluster/train/cluster_33
#	deleted:    datasets/rest/aspect_cluster/train/cluster_34
#	deleted:    datasets/rest/aspect_cluster/train/cluster_35
#	deleted:    datasets/rest/aspect_cluster/train/cluster_36
#	deleted:    datasets/rest/aspect_cluster/train/cluster_37
#	deleted:    datasets/rest/aspect_cluster/train/cluster_38
#	deleted:    datasets/rest/aspect_cluster/train/cluster_39
#	modified:   datasets/rest/aspect_cluster/train/cluster_4
#	deleted:    datasets/rest/aspect_cluster/train/cluster_40
#	deleted:    datasets/rest/aspect_cluster/train/cluster_41
#	deleted:    datasets/rest/aspect_cluster/train/cluster_42
#	deleted:    datasets/rest/aspect_cluster/train/cluster_43
#	deleted:    datasets/rest/aspect_cluster/train/cluster_44
#	deleted:    datasets/rest/aspect_cluster/train/cluster_45
#	deleted:    datasets/rest/aspect_cluster/train/cluster_46
#	deleted:    datasets/rest/aspect_cluster/train/cluster_47
#	deleted:    datasets/rest/aspect_cluster/train/cluster_48
#	modified:   datasets/rest/aspect_cluster/train/cluster_5
#	modified:   datasets/rest/aspect_cluster/train/cluster_6
#	modified:   datasets/rest/aspect_cluster/train/cluster_7
#	modified:   datasets/rest/aspect_cluster/train/cluster_8
#	modified:   datasets/rest/aspect_cluster/train/cluster_9
#	modified:   datasets/rest/parsed_data/parsed_test.plk
#	modified:   datasets/rest/parsed_data/parsed_test.txt
#	modified:   datasets/rest/parsed_data/parsed_train.plk
#	modified:   datasets/rest/parsed_data/parsed_train.txt
#	modified:   datasets/rest/tmp_optimized_result/cluster_0
#	modified:   datasets/rest/tmp_optimized_result/cluster_1
#	modified:   datasets/rest/tmp_optimized_result/cluster_2
#	modified:   datasets/rest/tmp_optimized_result/cluster_3
#	modified:   datasets/rest/tmp_optimized_result/cluster_4
#	modified:   datasets/rest/tmp_optimized_result/cluster_5
#	modified:   datasets/rest/tmp_optimized_result/cluster_6
#	modified:   datasets/rest/tmp_optimized_result/cluster_7
#	modified:   datasets/rest/tmp_optimized_result/cluster_8
#	modified:   datasets/rest/tmp_optimized_result/cluster_9
#	modified:   hyperopt_svm.py
#	modified:   search_feature_comb.py
#	modified:   stanford_nlp.py
#	deleted:    svm_0
#	deleted:    test.log
#
# Untracked files:
#   (use "git add <file>..." to include in what will be committed)
#
#	datasets/rest/tmp_optimized_result/cluster_10
#	datasets/rest/tmp_optimized_result/cluster_11
#	gst.log
no changes added to commit (use "git add" and/or "git commit -a")
