loading file https://s3.amazonaws.com/models.huggingface.co/bert/bert-base-uncased-vocab.txt from cache at /home/hanfeng/.cache/torch/pytorch_transformers/26bc1ad6c0ac742e9b52263248f6d0f00068293b33709fae12320c0e35ccfbbb.542ce4285a40d23a559526243235df47c5f75c197f04f37d1a0c124c32c9a084
loading configuration file https://s3.amazonaws.com/models.huggingface.co/bert/bert-base-uncased-config.json from cache at /home/hanfeng/.cache/torch/pytorch_transformers/4dad0251492946e18ac39290fcfe91b89d370fee250efe9521476438fe8ca185.7156163d5fdc189c3016baca0775ffce230789d7fa2a42ef516483e4ca884517
Model config {
  "architectures": [
    "BertForMaskedLM"
  ],
  "attention_probs_dropout_prob": 0.1,
  "finetuning_task": null,
  "hidden_act": "gelu",
  "hidden_dropout_prob": 0.1,
  "hidden_size": 768,
  "initializer_range": 0.02,
  "intermediate_size": 3072,
  "layer_norm_eps": 1e-12,
  "max_position_embeddings": 512,
  "model_type": "bert",
  "num_attention_heads": 12,
  "num_hidden_layers": 12,
  "num_labels": 2,
  "output_attentions": false,
  "output_hidden_states": false,
  "pad_token_id": 0,
  "pruned_heads": {},
  "torchscript": false,
  "type_vocab_size": 2,
  "vocab_size": 30522
}

loading weights file https://s3.amazonaws.com/models.huggingface.co/bert/bert-base-uncased-pytorch_model.bin from cache at /home/hanfeng/.cache/torch/pytorch_transformers/aa1ef1aede4482d0dbcd4d52baad8ae300e60902e88fcb0bebdec09afd232066.36ca03ab34a1a5d5fa7bc3d03d55c4fa650fed07220e2eeebc06ce58d0e9a157
cuda memory allocated: 439071232
n_trainable_params: 109484547, n_nontrainable_params: 0
> training arguments:
>>> model_name: bert_spc
>>> dataset: restaurant
>>> optimizer: <class 'torch.optim.adam.Adam'>
>>> initializer: <function xavier_uniform_ at 0x7fcc03861b70>
>>> learning_rate: 2e-05
>>> dropout: 0.1
>>> l2reg: 0.01
>>> num_epoch: 10
>>> batch_size: 16
>>> log_step: 5
>>> embed_dim: 300
>>> hidden_dim: 300
>>> bert_dim: 768
>>> pretrained_bert_name: bert-base-uncased
>>> max_seq_len: 80
>>> polarities_dim: 3
>>> hops: 3
>>> device: cuda
>>> seed: None
>>> valset_ratio: 0
>>> local_context_focus: cdm
>>> SRD: 3
>>> CID: 0
>>> model_class: <class 'models.bert_spc.BERT_SPC'>
>>> dataset_file: {'train': './newdatasets/laptop/train/0', 'test': './newdatasets/laptop/test/0'}
>>> inputs_cols: ['text_bert_indices', 'bert_segments_ids']
>>>>>>>>>>>>>>>>>>>>>>>>>>>>>>>>>>>>>>>>>>>>>>>>>>>>>>>>>>>>>>>>>>>>>>>>>>>>>>>>>>>>>>>>>>>>>>>>>>>>
epoch: 0
loss: 1.4415, acc: 0.3250
loss: 1.2978, acc: 0.3250
> val_acc: 0.4651, val_f1: 0.3174
> #correct: 40.0000, #total: 86.0000
>> saved: state_dict/bert_spc_restaurant_val_acc0.4651
>>>>>>>>>>>>>>>>>>>>>>>>>>>>>>>>>>>>>>>>>>>>>>>>>>>>>>>>>>>>>>>>>>>>>>>>>>>>>>>>>>>>>>>>>>>>>>>>>>>>
epoch: 1
loss: 1.1592, acc: 0.2812
loss: 1.1440, acc: 0.3304
loss: 1.1354, acc: 0.3438
> val_acc: 0.3721, val_f1: 0.2752
> #correct: 32.0000, #total: 86.0000
>>>>>>>>>>>>>>>>>>>>>>>>>>>>>>>>>>>>>>>>>>>>>>>>>>>>>>>>>>>>>>>>>>>>>>>>>>>>>>>>>>>>>>>>>>>>>>>>>>>>
epoch: 2
loss: 1.0883, acc: 0.3750
loss: 1.0942, acc: 0.3889
> val_acc: 0.4767, val_f1: 0.2356
> #correct: 41.0000, #total: 86.0000
>> saved: state_dict/bert_spc_restaurant_val_acc0.4767
>>>>>>>>>>>>>>>>>>>>>>>>>>>>>>>>>>>>>>>>>>>>>>>>>>>>>>>>>>>>>>>>>>>>>>>>>>>>>>>>>>>>>>>>>>>>>>>>>>>>
epoch: 3
loss: 1.1121, acc: 0.3750
loss: 1.0812, acc: 0.3958
loss: 1.1055, acc: 0.3977
> val_acc: 0.4302, val_f1: 0.2331
> #correct: 37.0000, #total: 86.0000
>>>>>>>>>>>>>>>>>>>>>>>>>>>>>>>>>>>>>>>>>>>>>>>>>>>>>>>>>>>>>>>>>>>>>>>>>>>>>>>>>>>>>>>>>>>>>>>>>>>>
epoch: 4
loss: 1.0586, acc: 0.4167
loss: 1.0958, acc: 0.4141
loss: 1.1004, acc: 0.3861
> val_acc: 0.4419, val_f1: 0.3902
> #correct: 38.0000, #total: 86.0000
>>>>>>>>>>>>>>>>>>>>>>>>>>>>>>>>>>>>>>>>>>>>>>>>>>>>>>>>>>>>>>>>>>>>>>>>>>>>>>>>>>>>>>>>>>>>>>>>>>>>
epoch: 5
loss: 1.0404, acc: 0.4500
loss: 1.0801, acc: 0.4188
> val_acc: 0.5000, val_f1: 0.3483
> #correct: 43.0000, #total: 86.0000
>> saved: state_dict/bert_spc_restaurant_val_acc0.5
>>>>>>>>>>>>>>>>>>>>>>>>>>>>>>>>>>>>>>>>>>>>>>>>>>>>>>>>>>>>>>>>>>>>>>>>>>>>>>>>>>>>>>>>>>>>>>>>>>>>
epoch: 6
loss: 1.0453, acc: 0.4375
loss: 1.0317, acc: 0.4821
loss: 0.9995, acc: 0.5156
> val_acc: 0.3721, val_f1: 0.3618
> #correct: 32.0000, #total: 86.0000
>>>>>>>>>>>>>>>>>>>>>>>>>>>>>>>>>>>>>>>>>>>>>>>>>>>>>>>>>>>>>>>>>>>>>>>>>>>>>>>>>>>>>>>>>>>>>>>>>>>>
epoch: 7
loss: 0.9420, acc: 0.5312
loss: 0.9174, acc: 0.5833
> val_acc: 0.4651, val_f1: 0.4453
> #correct: 40.0000, #total: 86.0000
>>>>>>>>>>>>>>>>>>>>>>>>>>>>>>>>>>>>>>>>>>>>>>>>>>>>>>>>>>>>>>>>>>>>>>>>>>>>>>>>>>>>>>>>>>>>>>>>>>>>
epoch: 8
loss: 0.8726, acc: 0.7500
loss: 0.9062, acc: 0.6146
loss: 0.8761, acc: 0.6193
> val_acc: 0.4651, val_f1: 0.4549
> #correct: 40.0000, #total: 86.0000
>>>>>>>>>>>>>>>>>>>>>>>>>>>>>>>>>>>>>>>>>>>>>>>>>>>>>>>>>>>>>>>>>>>>>>>>>>>>>>>>>>>>>>>>>>>>>>>>>>>>
epoch: 9
loss: 0.8448, acc: 0.6250
loss: 0.7331, acc: 0.6953
loss: 0.6847, acc: 0.7178
> val_acc: 0.5349, val_f1: 0.4777
> #correct: 46.0000, #total: 86.0000
>> saved: state_dict/bert_spc_restaurant_val_acc0.5349
              precision    recall  f1-score   support

           0       0.33      0.29      0.31        17
           1       0.69      0.38      0.49        29
           2       0.55      0.75      0.63        40

   micro avg       0.53      0.53      0.53        86
   macro avg       0.52      0.47      0.48        86
weighted avg       0.55      0.53      0.52        86

>> test_acc: 0.5349, test_f1: 0.4777
>> #correct: 46.0000, #total: 86.0000
/home/hanfeng/.local/lib/python3.6/site-packages/sklearn/metrics/classification.py:1143: UndefinedMetricWarning: F-score is ill-defined and being set to 0.0 in labels with no predicted samples.
  'precision', 'predicted', average, warn_for)
