loading file https://s3.amazonaws.com/models.huggingface.co/bert/bert-base-uncased-vocab.txt from cache at /home/hanfeng/.cache/torch/pytorch_transformers/26bc1ad6c0ac742e9b52263248f6d0f00068293b33709fae12320c0e35ccfbbb.542ce4285a40d23a559526243235df47c5f75c197f04f37d1a0c124c32c9a084
loading configuration file https://s3.amazonaws.com/models.huggingface.co/bert/bert-base-uncased-config.json from cache at /home/hanfeng/.cache/torch/pytorch_transformers/4dad0251492946e18ac39290fcfe91b89d370fee250efe9521476438fe8ca185.7156163d5fdc189c3016baca0775ffce230789d7fa2a42ef516483e4ca884517
Model config {
  "architectures": [
    "BertForMaskedLM"
  ],
  "attention_probs_dropout_prob": 0.1,
  "finetuning_task": null,
  "hidden_act": "gelu",
  "hidden_dropout_prob": 0.1,
  "hidden_size": 768,
  "initializer_range": 0.02,
  "intermediate_size": 3072,
  "layer_norm_eps": 1e-12,
  "max_position_embeddings": 512,
  "model_type": "bert",
  "num_attention_heads": 12,
  "num_hidden_layers": 12,
  "num_labels": 2,
  "output_attentions": false,
  "output_hidden_states": false,
  "pad_token_id": 0,
  "pruned_heads": {},
  "torchscript": false,
  "type_vocab_size": 2,
  "vocab_size": 30522
}

loading weights file https://s3.amazonaws.com/models.huggingface.co/bert/bert-base-uncased-pytorch_model.bin from cache at /home/hanfeng/.cache/torch/pytorch_transformers/aa1ef1aede4482d0dbcd4d52baad8ae300e60902e88fcb0bebdec09afd232066.36ca03ab34a1a5d5fa7bc3d03d55c4fa650fed07220e2eeebc06ce58d0e9a157
cuda memory allocated: 439071232
n_trainable_params: 109484547, n_nontrainable_params: 0
> training arguments:
>>> model_name: bert_spc
>>> dataset: restaurant
>>> optimizer: <class 'torch.optim.adam.Adam'>
>>> initializer: <function xavier_uniform_ at 0x7f4ae1e86b70>
>>> learning_rate: 2e-05
>>> dropout: 0.1
>>> l2reg: 0.01
>>> num_epoch: 10
>>> batch_size: 16
>>> log_step: 5
>>> embed_dim: 300
>>> hidden_dim: 300
>>> bert_dim: 768
>>> pretrained_bert_name: bert-base-uncased
>>> max_seq_len: 80
>>> polarities_dim: 3
>>> hops: 3
>>> device: cuda
>>> seed: None
>>> valset_ratio: 0
>>> local_context_focus: cdm
>>> SRD: 3
>>> CID: 3
>>> model_class: <class 'models.bert_spc.BERT_SPC'>
>>> dataset_file: {'train': './newdatasets/laptop/train/3', 'test': './newdatasets/laptop/test/3'}
>>> inputs_cols: ['text_bert_indices', 'bert_segments_ids']
>>>>>>>>>>>>>>>>>>>>>>>>>>>>>>>>>>>>>>>>>>>>>>>>>>>>>>>>>>>>>>>>>>>>>>>>>>>>>>>>>>>>>>>>>>>>>>>>>>>>
epoch: 0
loss: 1.1052, acc: 0.4875
loss: 1.0932, acc: 0.4750
loss: 1.0285, acc: 0.5125
> val_acc: 0.6765, val_f1: 0.2690
> #correct: 46.0000, #total: 68.0000
>> saved: state_dict/bert_spc_restaurant_val_acc0.6765
>>>>>>>>>>>>>>>>>>>>>>>>>>>>>>>>>>>>>>>>>>>>>>>>>>>>>>>>>>>>>>>>>>>>>>>>>>>>>>>>>>>>>>>>>>>>>>>>>>>>
epoch: 1
loss: 1.0512, acc: 0.4844
loss: 0.9846, acc: 0.5278
loss: 0.9385, acc: 0.5625
> val_acc: 0.6912, val_f1: 0.4159
> #correct: 47.0000, #total: 68.0000
>> saved: state_dict/bert_spc_restaurant_val_acc0.6912
>>>>>>>>>>>>>>>>>>>>>>>>>>>>>>>>>>>>>>>>>>>>>>>>>>>>>>>>>>>>>>>>>>>>>>>>>>>>>>>>>>>>>>>>>>>>>>>>>>>>
epoch: 2
loss: 1.0308, acc: 0.5000
loss: 0.9667, acc: 0.5234
loss: 0.9167, acc: 0.5625
> val_acc: 0.6176, val_f1: 0.3914
> #correct: 42.0000, #total: 68.0000
>>>>>>>>>>>>>>>>>>>>>>>>>>>>>>>>>>>>>>>>>>>>>>>>>>>>>>>>>>>>>>>>>>>>>>>>>>>>>>>>>>>>>>>>>>>>>>>>>>>>
epoch: 3
loss: 0.9512, acc: 0.5312
loss: 0.7997, acc: 0.6518
loss: 0.8360, acc: 0.6146
> val_acc: 0.5441, val_f1: 0.4403
> #correct: 37.0000, #total: 68.0000
>>>>>>>>>>>>>>>>>>>>>>>>>>>>>>>>>>>>>>>>>>>>>>>>>>>>>>>>>>>>>>>>>>>>>>>>>>>>>>>>>>>>>>>>>>>>>>>>>>>>
epoch: 4
loss: 0.6464, acc: 0.6250
loss: 0.6743, acc: 0.6875
loss: 0.6946, acc: 0.6932
loss: 0.7014, acc: 0.6784
> val_acc: 0.7206, val_f1: 0.5114
> #correct: 49.0000, #total: 68.0000
>> saved: state_dict/bert_spc_restaurant_val_acc0.7206
>>>>>>>>>>>>>>>>>>>>>>>>>>>>>>>>>>>>>>>>>>>>>>>>>>>>>>>>>>>>>>>>>>>>>>>>>>>>>>>>>>>>>>>>>>>>>>>>>>>>
epoch: 5
loss: 0.5876, acc: 0.7500
loss: 0.6194, acc: 0.7250
loss: 0.6525, acc: 0.7125
> val_acc: 0.7059, val_f1: 0.6089
> #correct: 48.0000, #total: 68.0000
>>>>>>>>>>>>>>>>>>>>>>>>>>>>>>>>>>>>>>>>>>>>>>>>>>>>>>>>>>>>>>>>>>>>>>>>>>>>>>>>>>>>>>>>>>>>>>>>>>>>
epoch: 6
loss: 0.7158, acc: 0.7031
loss: 0.5758, acc: 0.7847
loss: 0.5335, acc: 0.8036
> val_acc: 0.8088, val_f1: 0.6222
> #correct: 55.0000, #total: 68.0000
>> saved: state_dict/bert_spc_restaurant_val_acc0.8088
>>>>>>>>>>>>>>>>>>>>>>>>>>>>>>>>>>>>>>>>>>>>>>>>>>>>>>>>>>>>>>>>>>>>>>>>>>>>>>>>>>>>>>>>>>>>>>>>>>>>
epoch: 7
loss: 0.4459, acc: 0.8125
loss: 0.3653, acc: 0.8828
loss: 0.3569, acc: 0.8894
> val_acc: 0.8235, val_f1: 0.7152
> #correct: 56.0000, #total: 68.0000
>> saved: state_dict/bert_spc_restaurant_val_acc0.8235
>>>>>>>>>>>>>>>>>>>>>>>>>>>>>>>>>>>>>>>>>>>>>>>>>>>>>>>>>>>>>>>>>>>>>>>>>>>>>>>>>>>>>>>>>>>>>>>>>>>>
epoch: 8
loss: 0.1183, acc: 0.9688
loss: 0.1641, acc: 0.9375
loss: 0.1817, acc: 0.9271
> val_acc: 0.7941, val_f1: 0.6519
> #correct: 54.0000, #total: 68.0000
>>>>>>>>>>>>>>>>>>>>>>>>>>>>>>>>>>>>>>>>>>>>>>>>>>>>>>>>>>>>>>>>>>>>>>>>>>>>>>>>>>>>>>>>>>>>>>>>>>>>
epoch: 9
loss: 0.1681, acc: 1.0000
loss: 0.1151, acc: 0.9896
loss: 0.1205, acc: 0.9773
loss: 0.1483, acc: 0.9608
> val_acc: 0.7941, val_f1: 0.6764
> #correct: 54.0000, #total: 68.0000
              precision    recall  f1-score   support

           0       0.71      1.00      0.83        15
           1       0.43      0.43      0.43         7
           2       0.95      0.83      0.88        46

   micro avg       0.82      0.82      0.82        68
   macro avg       0.70      0.75      0.72        68
weighted avg       0.84      0.82      0.83        68

>> test_acc: 0.8235, test_f1: 0.7152
>> #correct: 56.0000, #total: 68.0000
/home/hanfeng/.local/lib/python3.6/site-packages/sklearn/metrics/classification.py:1143: UndefinedMetricWarning: F-score is ill-defined and being set to 0.0 in labels with no predicted samples.
  'precision', 'predicted', average, warn_for)
