loading file https://s3.amazonaws.com/models.huggingface.co/bert/bert-base-uncased-vocab.txt from cache at /home/hanfeng/.cache/torch/pytorch_transformers/26bc1ad6c0ac742e9b52263248f6d0f00068293b33709fae12320c0e35ccfbbb.542ce4285a40d23a559526243235df47c5f75c197f04f37d1a0c124c32c9a084
loading configuration file https://s3.amazonaws.com/models.huggingface.co/bert/bert-base-uncased-config.json from cache at /home/hanfeng/.cache/torch/pytorch_transformers/4dad0251492946e18ac39290fcfe91b89d370fee250efe9521476438fe8ca185.7156163d5fdc189c3016baca0775ffce230789d7fa2a42ef516483e4ca884517
Model config {
  "architectures": [
    "BertForMaskedLM"
  ],
  "attention_probs_dropout_prob": 0.1,
  "finetuning_task": null,
  "hidden_act": "gelu",
  "hidden_dropout_prob": 0.1,
  "hidden_size": 768,
  "initializer_range": 0.02,
  "intermediate_size": 3072,
  "layer_norm_eps": 1e-12,
  "max_position_embeddings": 512,
  "model_type": "bert",
  "num_attention_heads": 12,
  "num_hidden_layers": 12,
  "num_labels": 2,
  "output_attentions": false,
  "output_hidden_states": false,
  "pad_token_id": 0,
  "pruned_heads": {},
  "torchscript": false,
  "type_vocab_size": 2,
  "vocab_size": 30522
}

loading weights file https://s3.amazonaws.com/models.huggingface.co/bert/bert-base-uncased-pytorch_model.bin from cache at /home/hanfeng/.cache/torch/pytorch_transformers/aa1ef1aede4482d0dbcd4d52baad8ae300e60902e88fcb0bebdec09afd232066.36ca03ab34a1a5d5fa7bc3d03d55c4fa650fed07220e2eeebc06ce58d0e9a157
cuda memory allocated: 439071232
n_trainable_params: 109484547, n_nontrainable_params: 0
> training arguments:
>>> model_name: bert_spc
>>> dataset: restaurant
>>> optimizer: <class 'torch.optim.adam.Adam'>
>>> initializer: <function xavier_uniform_ at 0x7fd6fd438b70>
>>> learning_rate: 2e-05
>>> dropout: 0.1
>>> l2reg: 0.01
>>> num_epoch: 10
>>> batch_size: 16
>>> log_step: 5
>>> embed_dim: 300
>>> hidden_dim: 300
>>> bert_dim: 768
>>> pretrained_bert_name: bert-base-uncased
>>> max_seq_len: 80
>>> polarities_dim: 3
>>> hops: 3
>>> device: cuda
>>> seed: None
>>> valset_ratio: 0
>>> local_context_focus: cdm
>>> SRD: 3
>>> CID: 16
>>> model_class: <class 'models.bert_spc.BERT_SPC'>
>>> dataset_file: {'train': './newdatasets/laptop/train/16', 'test': './newdatasets/laptop/test/16'}
>>> inputs_cols: ['text_bert_indices', 'bert_segments_ids']
>>>>>>>>>>>>>>>>>>>>>>>>>>>>>>>>>>>>>>>>>>>>>>>>>>>>>>>>>>>>>>>>>>>>>>>>>>>>>>>>>>>>>>>>>>>>>>>>>>>>
epoch: 0
loss: 1.1189, acc: 0.3750
loss: 1.1290, acc: 0.3625
loss: 1.0901, acc: 0.4042
loss: 1.0792, acc: 0.4031
loss: 1.0654, acc: 0.4041
> val_acc: 0.5859, val_f1: 0.4021
> #correct: 75.0000, #total: 128.0000
>> saved: state_dict/bert_spc_restaurant_val_acc0.5859
>>>>>>>>>>>>>>>>>>>>>>>>>>>>>>>>>>>>>>>>>>>>>>>>>>>>>>>>>>>>>>>>>>>>>>>>>>>>>>>>>>>>>>>>>>>>>>>>>>>>
epoch: 1
loss: 0.9262, acc: 0.5125
loss: 0.9013, acc: 0.5437
loss: 0.9266, acc: 0.5292
loss: 0.9419, acc: 0.5219
loss: 0.9309, acc: 0.5371
> val_acc: 0.5938, val_f1: 0.3936
> #correct: 76.0000, #total: 128.0000
>> saved: state_dict/bert_spc_restaurant_val_acc0.5938
>>>>>>>>>>>>>>>>>>>>>>>>>>>>>>>>>>>>>>>>>>>>>>>>>>>>>>>>>>>>>>>>>>>>>>>>>>>>>>>>>>>>>>>>>>>>>>>>>>>>
epoch: 2
loss: 0.8617, acc: 0.6500
loss: 0.8504, acc: 0.6438
loss: 0.8992, acc: 0.5875
loss: 0.8717, acc: 0.6000
loss: 0.8600, acc: 0.6036
> val_acc: 0.6797, val_f1: 0.4430
> #correct: 87.0000, #total: 128.0000
>> saved: state_dict/bert_spc_restaurant_val_acc0.6797
>>>>>>>>>>>>>>>>>>>>>>>>>>>>>>>>>>>>>>>>>>>>>>>>>>>>>>>>>>>>>>>>>>>>>>>>>>>>>>>>>>>>>>>>>>>>>>>>>>>>
epoch: 3
loss: 0.7066, acc: 0.7500
loss: 0.7209, acc: 0.7125
loss: 0.7405, acc: 0.6958
loss: 0.7229, acc: 0.7094
loss: 0.6992, acc: 0.7187
> val_acc: 0.7891, val_f1: 0.6165
> #correct: 101.0000, #total: 128.0000
>> saved: state_dict/bert_spc_restaurant_val_acc0.7891
>>>>>>>>>>>>>>>>>>>>>>>>>>>>>>>>>>>>>>>>>>>>>>>>>>>>>>>>>>>>>>>>>>>>>>>>>>>>>>>>>>>>>>>>>>>>>>>>>>>>
epoch: 4
loss: 0.5318, acc: 0.8125
loss: 0.4818, acc: 0.8125
loss: 0.4971, acc: 0.8042
loss: 0.5077, acc: 0.8000
loss: 0.4980, acc: 0.8107
> val_acc: 0.7891, val_f1: 0.6381
> #correct: 101.0000, #total: 128.0000
>>>>>>>>>>>>>>>>>>>>>>>>>>>>>>>>>>>>>>>>>>>>>>>>>>>>>>>>>>>>>>>>>>>>>>>>>>>>>>>>>>>>>>>>>>>>>>>>>>>>
epoch: 5
loss: 0.3748, acc: 0.8500
loss: 0.4080, acc: 0.8375
loss: 0.3916, acc: 0.8500
loss: 0.3638, acc: 0.8625
loss: 0.3352, acc: 0.8772
> val_acc: 0.8047, val_f1: 0.6948
> #correct: 103.0000, #total: 128.0000
>> saved: state_dict/bert_spc_restaurant_val_acc0.8047
>>>>>>>>>>>>>>>>>>>>>>>>>>>>>>>>>>>>>>>>>>>>>>>>>>>>>>>>>>>>>>>>>>>>>>>>>>>>>>>>>>>>>>>>>>>>>>>>>>>>
epoch: 6
loss: 0.1945, acc: 0.9625
loss: 0.1718, acc: 0.9625
loss: 0.1769, acc: 0.9625
loss: 0.1824, acc: 0.9531
loss: 0.1937, acc: 0.9463
> val_acc: 0.8281, val_f1: 0.7243
> #correct: 106.0000, #total: 128.0000
>> saved: state_dict/bert_spc_restaurant_val_acc0.8281
>>>>>>>>>>>>>>>>>>>>>>>>>>>>>>>>>>>>>>>>>>>>>>>>>>>>>>>>>>>>>>>>>>>>>>>>>>>>>>>>>>>>>>>>>>>>>>>>>>>>
epoch: 7
loss: 0.1127, acc: 0.9750
loss: 0.1009, acc: 0.9750
loss: 0.1249, acc: 0.9667
loss: 0.1425, acc: 0.9531
loss: 0.1353, acc: 0.9565
> val_acc: 0.8203, val_f1: 0.6878
> #correct: 105.0000, #total: 128.0000
>>>>>>>>>>>>>>>>>>>>>>>>>>>>>>>>>>>>>>>>>>>>>>>>>>>>>>>>>>>>>>>>>>>>>>>>>>>>>>>>>>>>>>>>>>>>>>>>>>>>
epoch: 8
loss: 0.1162, acc: 0.9500
loss: 0.1173, acc: 0.9500
loss: 0.0917, acc: 0.9667
loss: 0.0855, acc: 0.9750
loss: 0.0873, acc: 0.9744
> val_acc: 0.8281, val_f1: 0.7198
> #correct: 106.0000, #total: 128.0000
>>>>>>>>>>>>>>>>>>>>>>>>>>>>>>>>>>>>>>>>>>>>>>>>>>>>>>>>>>>>>>>>>>>>>>>>>>>>>>>>>>>>>>>>>>>>>>>>>>>>
epoch: 9
loss: 0.0585, acc: 0.9750
loss: 0.0643, acc: 0.9750
loss: 0.0589, acc: 0.9792
loss: 0.0680, acc: 0.9781
loss: 0.0638, acc: 0.9795
> val_acc: 0.8281, val_f1: 0.7257
> #correct: 106.0000, #total: 128.0000
              precision    recall  f1-score   support

           0       0.74      0.68      0.71        25
           1       0.59      0.50      0.54        20
           2       0.90      0.95      0.92        83

   micro avg       0.83      0.83      0.83       128
   macro avg       0.74      0.71      0.72       128
weighted avg       0.82      0.83      0.82       128

>> test_acc: 0.8281, test_f1: 0.7243
>> #correct: 106.0000, #total: 128.0000
/home/hanfeng/.local/lib/python3.6/site-packages/sklearn/metrics/classification.py:1143: UndefinedMetricWarning: F-score is ill-defined and being set to 0.0 in labels with no predicted samples.
  'precision', 'predicted', average, warn_for)
