loading file https://s3.amazonaws.com/models.huggingface.co/bert/bert-base-uncased-vocab.txt from cache at /home/hanfeng/.cache/torch/pytorch_transformers/26bc1ad6c0ac742e9b52263248f6d0f00068293b33709fae12320c0e35ccfbbb.542ce4285a40d23a559526243235df47c5f75c197f04f37d1a0c124c32c9a084
loading configuration file https://s3.amazonaws.com/models.huggingface.co/bert/bert-base-uncased-config.json from cache at /home/hanfeng/.cache/torch/pytorch_transformers/4dad0251492946e18ac39290fcfe91b89d370fee250efe9521476438fe8ca185.7156163d5fdc189c3016baca0775ffce230789d7fa2a42ef516483e4ca884517
Model config {
  "architectures": [
    "BertForMaskedLM"
  ],
  "attention_probs_dropout_prob": 0.1,
  "finetuning_task": null,
  "hidden_act": "gelu",
  "hidden_dropout_prob": 0.1,
  "hidden_size": 768,
  "initializer_range": 0.02,
  "intermediate_size": 3072,
  "layer_norm_eps": 1e-12,
  "max_position_embeddings": 512,
  "model_type": "bert",
  "num_attention_heads": 12,
  "num_hidden_layers": 12,
  "num_labels": 2,
  "output_attentions": false,
  "output_hidden_states": false,
  "pad_token_id": 0,
  "pruned_heads": {},
  "torchscript": false,
  "type_vocab_size": 2,
  "vocab_size": 30522
}

loading weights file https://s3.amazonaws.com/models.huggingface.co/bert/bert-base-uncased-pytorch_model.bin from cache at /home/hanfeng/.cache/torch/pytorch_transformers/aa1ef1aede4482d0dbcd4d52baad8ae300e60902e88fcb0bebdec09afd232066.36ca03ab34a1a5d5fa7bc3d03d55c4fa650fed07220e2eeebc06ce58d0e9a157
cuda memory allocated: 439071232
n_trainable_params: 109484547, n_nontrainable_params: 0
> training arguments:
>>> model_name: bert_spc
>>> dataset: restaurant
>>> optimizer: <class 'torch.optim.adam.Adam'>
>>> initializer: <function xavier_uniform_ at 0x7fc46cdd9b70>
>>> learning_rate: 2e-05
>>> dropout: 0.1
>>> l2reg: 0.01
>>> num_epoch: 10
>>> batch_size: 16
>>> log_step: 5
>>> embed_dim: 300
>>> hidden_dim: 300
>>> bert_dim: 768
>>> pretrained_bert_name: bert-base-uncased
>>> max_seq_len: 80
>>> polarities_dim: 3
>>> hops: 3
>>> device: cuda
>>> seed: None
>>> valset_ratio: 0
>>> local_context_focus: cdm
>>> SRD: 3
>>> CID: 3
>>> model_class: <class 'models.bert_spc.BERT_SPC'>
>>> dataset_file: {'train': './newdatasets/laptop/train/3', 'test': './newdatasets/laptop/test/3'}
>>> inputs_cols: ['text_bert_indices', 'bert_segments_ids']
>>>>>>>>>>>>>>>>>>>>>>>>>>>>>>>>>>>>>>>>>>>>>>>>>>>>>>>>>>>>>>>>>>>>>>>>>>>>>>>>>>>>>>>>>>>>>>>>>>>>
epoch: 0
loss: 0.9283, acc: 0.5500
loss: 1.0136, acc: 0.5062
loss: 0.9593, acc: 0.5458
> val_acc: 0.4706, val_f1: 0.2772
> #correct: 32.0000, #total: 68.0000
>> saved: state_dict/bert_spc_restaurant_val_acc0.4706
>>>>>>>>>>>>>>>>>>>>>>>>>>>>>>>>>>>>>>>>>>>>>>>>>>>>>>>>>>>>>>>>>>>>>>>>>>>>>>>>>>>>>>>>>>>>>>>>>>>>
epoch: 1
loss: 0.8066, acc: 0.6406
loss: 0.8765, acc: 0.6042
loss: 0.8408, acc: 0.6161
> val_acc: 0.5588, val_f1: 0.3566
> #correct: 38.0000, #total: 68.0000
>> saved: state_dict/bert_spc_restaurant_val_acc0.5588
>>>>>>>>>>>>>>>>>>>>>>>>>>>>>>>>>>>>>>>>>>>>>>>>>>>>>>>>>>>>>>>>>>>>>>>>>>>>>>>>>>>>>>>>>>>>>>>>>>>>
epoch: 2
loss: 0.6142, acc: 0.7708
loss: 0.6565, acc: 0.7734
loss: 0.6790, acc: 0.7452
> val_acc: 0.6324, val_f1: 0.4047
> #correct: 43.0000, #total: 68.0000
>> saved: state_dict/bert_spc_restaurant_val_acc0.6324
>>>>>>>>>>>>>>>>>>>>>>>>>>>>>>>>>>>>>>>>>>>>>>>>>>>>>>>>>>>>>>>>>>>>>>>>>>>>>>>>>>>>>>>>>>>>>>>>>>>>
epoch: 3
loss: 0.8228, acc: 0.7188
loss: 0.6289, acc: 0.7857
loss: 0.6323, acc: 0.7760
> val_acc: 0.7059, val_f1: 0.4772
> #correct: 48.0000, #total: 68.0000
>> saved: state_dict/bert_spc_restaurant_val_acc0.7059
>>>>>>>>>>>>>>>>>>>>>>>>>>>>>>>>>>>>>>>>>>>>>>>>>>>>>>>>>>>>>>>>>>>>>>>>>>>>>>>>>>>>>>>>>>>>>>>>>>>>
epoch: 4
loss: 0.3763, acc: 0.9375
loss: 0.4701, acc: 0.8542
loss: 0.4525, acc: 0.8693
loss: 0.5085, acc: 0.8314
> val_acc: 0.6618, val_f1: 0.4454
> #correct: 45.0000, #total: 68.0000
>>>>>>>>>>>>>>>>>>>>>>>>>>>>>>>>>>>>>>>>>>>>>>>>>>>>>>>>>>>>>>>>>>>>>>>>>>>>>>>>>>>>>>>>>>>>>>>>>>>>
epoch: 5
loss: 0.4367, acc: 0.8375
loss: 0.4478, acc: 0.8375
loss: 0.4623, acc: 0.8250
> val_acc: 0.6912, val_f1: 0.4636
> #correct: 47.0000, #total: 68.0000
>>>>>>>>>>>>>>>>>>>>>>>>>>>>>>>>>>>>>>>>>>>>>>>>>>>>>>>>>>>>>>>>>>>>>>>>>>>>>>>>>>>>>>>>>>>>>>>>>>>>
epoch: 6
loss: 0.3659, acc: 0.8594
loss: 0.3763, acc: 0.8472
loss: 0.3448, acc: 0.8705
> val_acc: 0.6912, val_f1: 0.5304
> #correct: 47.0000, #total: 68.0000
>>>>>>>>>>>>>>>>>>>>>>>>>>>>>>>>>>>>>>>>>>>>>>>>>>>>>>>>>>>>>>>>>>>>>>>>>>>>>>>>>>>>>>>>>>>>>>>>>>>>
epoch: 7
loss: 0.2834, acc: 0.9167
loss: 0.2440, acc: 0.9297
loss: 0.2432, acc: 0.9183
> val_acc: 0.6765, val_f1: 0.5842
> #correct: 46.0000, #total: 68.0000
>>>>>>>>>>>>>>>>>>>>>>>>>>>>>>>>>>>>>>>>>>>>>>>>>>>>>>>>>>>>>>>>>>>>>>>>>>>>>>>>>>>>>>>>>>>>>>>>>>>>
epoch: 8
loss: 0.2562, acc: 0.9062
loss: 0.2287, acc: 0.9196
loss: 0.2195, acc: 0.9219
> val_acc: 0.7647, val_f1: 0.6253
> #correct: 52.0000, #total: 68.0000
>> saved: state_dict/bert_spc_restaurant_val_acc0.7647
>>>>>>>>>>>>>>>>>>>>>>>>>>>>>>>>>>>>>>>>>>>>>>>>>>>>>>>>>>>>>>>>>>>>>>>>>>>>>>>>>>>>>>>>>>>>>>>>>>>>
epoch: 9
loss: 0.2184, acc: 0.9375
loss: 0.1283, acc: 0.9583
loss: 0.1373, acc: 0.9432
loss: 0.1475, acc: 0.9373
> val_acc: 0.7500, val_f1: 0.6329
> #correct: 51.0000, #total: 68.0000
              precision    recall  f1-score   support

           0       0.55      0.80      0.65        15
           1       0.50      0.29      0.36         7
           2       0.90      0.83      0.86        46

   micro avg       0.76      0.76      0.76        68
   macro avg       0.65      0.64      0.63        68
weighted avg       0.78      0.76      0.76        68

>> test_acc: 0.7647, test_f1: 0.6253
>> #correct: 52.0000, #total: 68.0000
/home/hanfeng/.local/lib/python3.6/site-packages/sklearn/metrics/classification.py:1143: UndefinedMetricWarning: F-score is ill-defined and being set to 0.0 in labels with no predicted samples.
  'precision', 'predicted', average, warn_for)
